Regions for which zones will be updated:
['ca-central-1', 'ap-southeast-1', 'ap-southeast-2', 'eu-central-1', 'us-east-1', 'us-east-2', 'us-west-1', 'us-west-2']
Zone currently being updated:
ca-central-1a
Zone currently being updated:
ca-central-1b
Zone currently being updated:
ap-southeast-1a
Zone currently being updated:
ap-southeast-1b
Zone currently being updated:
ap-southeast-1c
Zone currently being updated:
ap-southeast-2a
Zone currently being updated:
ap-southeast-2b
Zone currently being updated:
ap-southeast-2c
Zone currently being updated:
eu-central-1a
Zone currently being updated:
eu-central-1b
Zone currently being updated:
eu-central-1c
Zone currently being updated:
us-east-1a
Zone currently being updated:
us-east-1b
Zone currently being updated:
us-east-1c
Zone currently being updated:
us-east-1d
Zone currently being updated:
us-east-1e
Zone currently being updated:
us-east-1f
Zone currently being updated:
us-east-2a
Zone currently being updated:
us-east-2b
Zone currently being updated:
us-east-2c
Zone currently being updated:
us-west-1a
Zone currently being updated:
us-west-1c
Zone currently being updated:
us-west-2a
Zone currently being updated:
us-west-2b
Zone currently being updated:
us-west-2c
Zone currently being updated:
us-west-2d
Done :)
