Regions for which zones will be updated:
['eu-north-1', 'ap-south-1', 'eu-west-3', 'eu-west-2', 'eu-west-1', 'ap-northeast-2', 'ap-northeast-1', 'sa-east-1']
Zone currently being updated:
eu-north-1a
Zone currently being updated:
eu-north-1b
Zone currently being updated:
eu-north-1c
Zone currently being updated:
ap-south-1a
Zone currently being updated:
ap-south-1b
Zone currently being updated:
eu-west-3a
Zone currently being updated:
eu-west-3b
Zone currently being updated:
eu-west-3c
Zone currently being updated:
eu-west-2a
Zone currently being updated:
eu-west-2b
Zone currently being updated:
eu-west-2c
Zone currently being updated:
eu-west-1a
Zone currently being updated:
eu-west-1b
Zone currently being updated:
eu-west-1c
Zone currently being updated:
ap-northeast-2a
Zone currently being updated:
ap-northeast-2c
Zone currently being updated:
ap-northeast-1a
Zone currently being updated:
ap-northeast-1b
Zone currently being updated:
ap-northeast-1c
Zone currently being updated:
ap-northeast-1d
Zone currently being updated:
sa-east-1a
Zone currently being updated:
sa-east-1b
Zone currently being updated:
sa-east-1c
Done :)
